  data.cpp
C:\Users\s_dsa523\Desktop\konkuk\2학기\전기프2\10-25 외관은 멀쩡\10-25 외관은 멀쩡\jeongipeu\data.cpp(55): error C4996: 'strcpy': This function or variable may be unsafe. Consider using strcpy_s instead. To disable deprecation, use _CRT_SECURE_NO_WARNINGS. See online help for details.
  C:\Program Files (x86)\Windows Kits\10\Include\10.0.17763.0\ucrt\string.h(133): note: 'strcpy' 선언을 참조하십시오.
C:\Users\s_dsa523\Desktop\konkuk\2학기\전기프2\10-25 외관은 멀쩡\10-25 외관은 멀쩡\jeongipeu\data.cpp(56): error C4996: 'strcpy': This function or variable may be unsafe. Consider using strcpy_s instead. To disable deprecation, use _CRT_SECURE_NO_WARNINGS. See online help for details.
  C:\Program Files (x86)\Windows Kits\10\Include\10.0.17763.0\ucrt\string.h(133): note: 'strcpy' 선언을 참조하십시오.
C:\Users\s_dsa523\Desktop\konkuk\2학기\전기프2\10-25 외관은 멀쩡\10-25 외관은 멀쩡\jeongipeu\data.cpp(58): error C4996: 'strtok': This function or variable may be unsafe. Consider using strtok_s instead. To disable deprecation, use _CRT_SECURE_NO_WARNINGS. See online help for details.
  C:\Program Files (x86)\Windows Kits\10\Include\10.0.17763.0\ucrt\string.h(440): note: 'strtok' 선언을 참조하십시오.
C:\Users\s_dsa523\Desktop\konkuk\2학기\전기프2\10-25 외관은 멀쩡\10-25 외관은 멀쩡\jeongipeu\data.cpp(59): error C4996: 'strtok': This function or variable may be unsafe. Consider using strtok_s instead. To disable deprecation, use _CRT_SECURE_NO_WARNINGS. See online help for details.
  C:\Program Files (x86)\Windows Kits\10\Include\10.0.17763.0\ucrt\string.h(440): note: 'strtok' 선언을 참조하십시오.
C:\Users\s_dsa523\Desktop\konkuk\2학기\전기프2\10-25 외관은 멀쩡\10-25 외관은 멀쩡\jeongipeu\data.cpp(125): error C4996: 'strcpy': This function or variable may be unsafe. Consider using strcpy_s instead. To disable deprecation, use _CRT_SECURE_NO_WARNINGS. See online help for details.
  C:\Program Files (x86)\Windows Kits\10\Include\10.0.17763.0\ucrt\string.h(133): note: 'strcpy' 선언을 참조하십시오.
C:\Users\s_dsa523\Desktop\konkuk\2학기\전기프2\10-25 외관은 멀쩡\10-25 외관은 멀쩡\jeongipeu\data.cpp(126): error C4996: 'strtok': This function or variable may be unsafe. Consider using strtok_s instead. To disable deprecation, use _CRT_SECURE_NO_WARNINGS. See online help for details.
  C:\Program Files (x86)\Windows Kits\10\Include\10.0.17763.0\ucrt\string.h(440): note: 'strtok' 선언을 참조하십시오.
  file.cpp
C:\Users\s_dsa523\Desktop\konkuk\2학기\전기프2\10-25 외관은 멀쩡\10-25 외관은 멀쩡\jeongipeu\file.cpp(14): error C4996: 'strcpy': This function or variable may be unsafe. Consider using strcpy_s instead. To disable deprecation, use _CRT_SECURE_NO_WARNINGS. See online help for details.
  C:\Program Files (x86)\Windows Kits\10\Include\10.0.17763.0\ucrt\string.h(133): note: 'strcpy' 선언을 참조하십시오.
C:\Users\s_dsa523\Desktop\konkuk\2학기\전기프2\10-25 외관은 멀쩡\10-25 외관은 멀쩡\jeongipeu\file.cpp(16): error C4996: 'strtok': This function or variable may be unsafe. Consider using strtok_s instead. To disable deprecation, use _CRT_SECURE_NO_WARNINGS. See online help for details.
  C:\Program Files (x86)\Windows Kits\10\Include\10.0.17763.0\ucrt\string.h(440): note: 'strtok' 선언을 참조하십시오.
C:\Users\s_dsa523\Desktop\konkuk\2학기\전기프2\10-25 외관은 멀쩡\10-25 외관은 멀쩡\jeongipeu\file.cpp(17): error C4996: 'strtok': This function or variable may be unsafe. Consider using strtok_s instead. To disable deprecation, use _CRT_SECURE_NO_WARNINGS. See online help for details.
  C:\Program Files (x86)\Windows Kits\10\Include\10.0.17763.0\ucrt\string.h(440): note: 'strtok' 선언을 참조하십시오.
C:\Users\s_dsa523\Desktop\konkuk\2학기\전기프2\10-25 외관은 멀쩡\10-25 외관은 멀쩡\jeongipeu\file.cpp(25): error C4996: 'fopen': This function or variable may be unsafe. Consider using fopen_s instead. To disable deprecation, use _CRT_SECURE_NO_WARNINGS. See online help for details.
  C:\Program Files (x86)\Windows Kits\10\Include\10.0.17763.0\ucrt\stdio.h(208): note: 'fopen' 선언을 참조하십시오.
C:\Users\s_dsa523\Desktop\konkuk\2학기\전기프2\10-25 외관은 멀쩡\10-25 외관은 멀쩡\jeongipeu\file.cpp(19): warning C4101: 'str2' :참조되지 않은 지역 변수입니다.
C:\Users\s_dsa523\Desktop\konkuk\2학기\전기프2\10-25 외관은 멀쩡\10-25 외관은 멀쩡\jeongipeu\file.cpp(18): warning C4101: 'str' :참조되지 않은 지역 변수입니다.
C:\Users\s_dsa523\Desktop\konkuk\2학기\전기프2\10-25 외관은 멀쩡\10-25 외관은 멀쩡\jeongipeu\file.cpp(53): error C4996: 'strcpy': This function or variable may be unsafe. Consider using strcpy_s instead. To disable deprecation, use _CRT_SECURE_NO_WARNINGS. See online help for details.
  C:\Program Files (x86)\Windows Kits\10\Include\10.0.17763.0\ucrt\string.h(133): note: 'strcpy' 선언을 참조하십시오.
C:\Users\s_dsa523\Desktop\konkuk\2학기\전기프2\10-25 외관은 멀쩡\10-25 외관은 멀쩡\jeongipeu\file.cpp(55): error C4996: 'strtok': This function or variable may be unsafe. Consider using strtok_s instead. To disable deprecation, use _CRT_SECURE_NO_WARNINGS. See online help for details.
  C:\Program Files (x86)\Windows Kits\10\Include\10.0.17763.0\ucrt\string.h(440): note: 'strtok' 선언을 참조하십시오.
C:\Users\s_dsa523\Desktop\konkuk\2학기\전기프2\10-25 외관은 멀쩡\10-25 외관은 멀쩡\jeongipeu\file.cpp(56): error C4996: 'strtok': This function or variable may be unsafe. Consider using strtok_s instead. To disable deprecation, use _CRT_SECURE_NO_WARNINGS. See online help for details.
  C:\Program Files (x86)\Windows Kits\10\Include\10.0.17763.0\ucrt\string.h(440): note: 'strtok' 선언을 참조하십시오.
C:\Users\s_dsa523\Desktop\konkuk\2학기\전기프2\10-25 외관은 멀쩡\10-25 외관은 멀쩡\jeongipeu\file.cpp(60): error C4996: 'fopen': This function or variable may be unsafe. Consider using fopen_s instead. To disable deprecation, use _CRT_SECURE_NO_WARNINGS. See online help for details.
  C:\Program Files (x86)\Windows Kits\10\Include\10.0.17763.0\ucrt\stdio.h(208): note: 'fopen' 선언을 참조하십시오.
C:\Users\s_dsa523\Desktop\konkuk\2학기\전기프2\10-25 외관은 멀쩡\10-25 외관은 멀쩡\jeongipeu\file.cpp(70): error C4996: 'strtok': This function or variable may be unsafe. Consider using strtok_s instead. To disable deprecation, use _CRT_SECURE_NO_WARNINGS. See online help for details.
  C:\Program Files (x86)\Windows Kits\10\Include\10.0.17763.0\ucrt\string.h(440): note: 'strtok' 선언을 참조하십시오.
C:\Users\s_dsa523\Desktop\konkuk\2학기\전기프2\10-25 외관은 멀쩡\10-25 외관은 멀쩡\jeongipeu\file.cpp(73): error C4996: 'strtok': This function or variable may be unsafe. Consider using strtok_s instead. To disable deprecation, use _CRT_SECURE_NO_WARNINGS. See online help for details.
  C:\Program Files (x86)\Windows Kits\10\Include\10.0.17763.0\ucrt\string.h(440): note: 'strtok' 선언을 참조하십시오.
C:\Users\s_dsa523\Desktop\konkuk\2학기\전기프2\10-25 외관은 멀쩡\10-25 외관은 멀쩡\jeongipeu\file.cpp(114): error C4996: 'strcpy': This function or variable may be unsafe. Consider using strcpy_s instead. To disable deprecation, use _CRT_SECURE_NO_WARNINGS. See online help for details.
  C:\Program Files (x86)\Windows Kits\10\Include\10.0.17763.0\ucrt\string.h(133): note: 'strcpy' 선언을 참조하십시오.
C:\Users\s_dsa523\Desktop\konkuk\2학기\전기프2\10-25 외관은 멀쩡\10-25 외관은 멀쩡\jeongipeu\file.cpp(143): error C4996: 'strcpy': This function or variable may be unsafe. Consider using strcpy_s instead. To disable deprecation, use _CRT_SECURE_NO_WARNINGS. See online help for details.
  C:\Program Files (x86)\Windows Kits\10\Include\10.0.17763.0\ucrt\string.h(133): note: 'strcpy' 선언을 참조하십시오.
C:\Users\s_dsa523\Desktop\konkuk\2학기\전기프2\10-25 외관은 멀쩡\10-25 외관은 멀쩡\jeongipeu\file.cpp(154): error C4996: 'strcpy': This function or variable may be unsafe. Consider using strcpy_s instead. To disable deprecation, use _CRT_SECURE_NO_WARNINGS. See online help for details.
  C:\Program Files (x86)\Windows Kits\10\Include\10.0.17763.0\ucrt\string.h(133): note: 'strcpy' 선언을 참조하십시오.
C:\Users\s_dsa523\Desktop\konkuk\2학기\전기프2\10-25 외관은 멀쩡\10-25 외관은 멀쩡\jeongipeu\file.cpp(167): error C4996: 'strcpy': This function or variable may be unsafe. Consider using strcpy_s instead. To disable deprecation, use _CRT_SECURE_NO_WARNINGS. See online help for details.
  C:\Program Files (x86)\Windows Kits\10\Include\10.0.17763.0\ucrt\string.h(133): note: 'strcpy' 선언을 참조하십시오.
C:\Users\s_dsa523\Desktop\konkuk\2학기\전기프2\10-25 외관은 멀쩡\10-25 외관은 멀쩡\jeongipeu\file.cpp(169): error C4996: 'strcpy': This function or variable may be unsafe. Consider using strcpy_s instead. To disable deprecation, use _CRT_SECURE_NO_WARNINGS. See online help for details.
  C:\Program Files (x86)\Windows Kits\10\Include\10.0.17763.0\ucrt\string.h(133): note: 'strcpy' 선언을 참조하십시오.
C:\Users\s_dsa523\Desktop\konkuk\2학기\전기프2\10-25 외관은 멀쩡\10-25 외관은 멀쩡\jeongipeu\file.cpp(214): error C4996: 'strcat': This function or variable may be unsafe. Consider using strcat_s instead. To disable deprecation, use _CRT_SECURE_NO_WARNINGS. See online help for details.
  C:\Program Files (x86)\Windows Kits\10\Include\10.0.17763.0\ucrt\string.h(90): note: 'strcat' 선언을 참조하십시오.
C:\Users\s_dsa523\Desktop\konkuk\2학기\전기프2\10-25 외관은 멀쩡\10-25 외관은 멀쩡\jeongipeu\file.cpp(216): error C4996: 'strcpy': This function or variable may be unsafe. Consider using strcpy_s instead. To disable deprecation, use _CRT_SECURE_NO_WARNINGS. See online help for details.
  C:\Program Files (x86)\Windows Kits\10\Include\10.0.17763.0\ucrt\string.h(133): note: 'strcpy' 선언을 참조하십시오.
C:\Users\s_dsa523\Desktop\konkuk\2학기\전기프2\10-25 외관은 멀쩡\10-25 외관은 멀쩡\jeongipeu\file.cpp(217): error C4996: 'strcat': This function or variable may be unsafe. Consider using strcat_s instead. To disable deprecation, use _CRT_SECURE_NO_WARNINGS. See online help for details.
  C:\Program Files (x86)\Windows Kits\10\Include\10.0.17763.0\ucrt\string.h(90): note: 'strcat' 선언을 참조하십시오.
C:\Users\s_dsa523\Desktop\konkuk\2학기\전기프2\10-25 외관은 멀쩡\10-25 외관은 멀쩡\jeongipeu\file.cpp(220): error C4996: 'strcat': This function or variable may be unsafe. Consider using strcat_s instead. To disable deprecation, use _CRT_SECURE_NO_WARNINGS. See online help for details.
  C:\Program Files (x86)\Windows Kits\10\Include\10.0.17763.0\ucrt\string.h(90): note: 'strcat' 선언을 참조하십시오.
C:\Users\s_dsa523\Desktop\konkuk\2학기\전기프2\10-25 외관은 멀쩡\10-25 외관은 멀쩡\jeongipeu\file.cpp(221): error C4996: 'strcat': This function or variable may be unsafe. Consider using strcat_s instead. To disable deprecation, use _CRT_SECURE_NO_WARNINGS. See online help for details.
  C:\Program Files (x86)\Windows Kits\10\Include\10.0.17763.0\ucrt\string.h(90): note: 'strcat' 선언을 참조하십시오.
C:\Users\s_dsa523\Desktop\konkuk\2학기\전기프2\10-25 외관은 멀쩡\10-25 외관은 멀쩡\jeongipeu\file.cpp(116): error C4996: 'strtok': This function or variable may be unsafe. Consider using strtok_s instead. To disable deprecation, use _CRT_SECURE_NO_WARNINGS. See online help for details.
  C:\Program Files (x86)\Windows Kits\10\Include\10.0.17763.0\ucrt\string.h(440): note: 'strtok' 선언을 참조하십시오.
C:\Users\s_dsa523\Desktop\konkuk\2학기\전기프2\10-25 외관은 멀쩡\10-25 외관은 멀쩡\jeongipeu\file.cpp(117): error C4996: 'strtok': This function or variable may be unsafe. Consider using strtok_s instead. To disable deprecation, use _CRT_SECURE_NO_WARNINGS. See online help for details.
  C:\Program Files (x86)\Windows Kits\10\Include\10.0.17763.0\ucrt\string.h(440): note: 'strtok' 선언을 참조하십시오.
C:\Users\s_dsa523\Desktop\konkuk\2학기\전기프2\10-25 외관은 멀쩡\10-25 외관은 멀쩡\jeongipeu\file.cpp(121): error C4996: 'fopen': This function or variable may be unsafe. Consider using fopen_s instead. To disable deprecation, use _CRT_SECURE_NO_WARNINGS. See online help for details.
  C:\Program Files (x86)\Windows Kits\10\Include\10.0.17763.0\ucrt\stdio.h(208): note: 'fopen' 선언을 참조하십시오.
C:\Users\s_dsa523\Desktop\konkuk\2학기\전기프2\10-25 외관은 멀쩡\10-25 외관은 멀쩡\jeongipeu\file.cpp(155): error C4996: 'strtok': This function or variable may be unsafe. Consider using strtok_s instead. To disable deprecation, use _CRT_SECURE_NO_WARNINGS. See online help for details.
  C:\Program Files (x86)\Windows Kits\10\Include\10.0.17763.0\ucrt\string.h(440): note: 'strtok' 선언을 참조하십시오.
C:\Users\s_dsa523\Desktop\konkuk\2학기\전기프2\10-25 외관은 멀쩡\10-25 외관은 멀쩡\jeongipeu\file.cpp(156): error C4996: 'strtok': This function or variable may be unsafe. Consider using strtok_s instead. To disable deprecation, use _CRT_SECURE_NO_WARNINGS. See online help for details.
  C:\Program Files (x86)\Windows Kits\10\Include\10.0.17763.0\ucrt\string.h(440): note: 'strtok' 선언을 참조하십시오.
C:\Users\s_dsa523\Desktop\konkuk\2학기\전기프2\10-25 외관은 멀쩡\10-25 외관은 멀쩡\jeongipeu\file.cpp(157): error C4996: 'strtok': This function or variable may be unsafe. Consider using strtok_s instead. To disable deprecation, use _CRT_SECURE_NO_WARNINGS. See online help for details.
  C:\Program Files (x86)\Windows Kits\10\Include\10.0.17763.0\ucrt\string.h(440): note: 'strtok' 선언을 참조하십시오.
C:\Users\s_dsa523\Desktop\konkuk\2학기\전기프2\10-25 외관은 멀쩡\10-25 외관은 멀쩡\jeongipeu\file.cpp(162): error C4996: 'strtok': This function or variable may be unsafe. Consider using strtok_s instead. To disable deprecation, use _CRT_SECURE_NO_WARNINGS. See online help for details.
  C:\Program Files (x86)\Windows Kits\10\Include\10.0.17763.0\ucrt\string.h(440): note: 'strtok' 선언을 참조하십시오.
C:\Users\s_dsa523\Desktop\konkuk\2학기\전기프2\10-25 외관은 멀쩡\10-25 외관은 멀쩡\jeongipeu\file.cpp(177): error C4996: 'fopen': This function or variable may be unsafe. Consider using fopen_s instead. To disable deprecation, use _CRT_SECURE_NO_WARNINGS. See online help for details.
  C:\Program Files (x86)\Windows Kits\10\Include\10.0.17763.0\ucrt\stdio.h(208): note: 'fopen' 선언을 참조하십시오.
C:\Users\s_dsa523\Desktop\konkuk\2학기\전기프2\10-25 외관은 멀쩡\10-25 외관은 멀쩡\jeongipeu\file.cpp(104): warning C4101: 'list' :참조되지 않은 지역 변수입니다.
C:\Users\s_dsa523\Desktop\konkuk\2학기\전기프2\10-25 외관은 멀쩡\10-25 외관은 멀쩡\jeongipeu\file.cpp(274): error C4996: 'strcpy': This function or variable may be unsafe. Consider using strcpy_s instead. To disable deprecation, use _CRT_SECURE_NO_WARNINGS. See online help for details.
  C:\Program Files (x86)\Windows Kits\10\Include\10.0.17763.0\ucrt\string.h(133): note: 'strcpy' 선언을 참조하십시오.
C:\Users\s_dsa523\Desktop\konkuk\2학기\전기프2\10-25 외관은 멀쩡\10-25 외관은 멀쩡\jeongipeu\file.cpp(251): error C4996: 'fopen': This function or variable may be unsafe. Consider using fopen_s instead. To disable deprecation, use _CRT_SECURE_NO_WARNINGS. See online help for details.
  C:\Program Files (x86)\Windows Kits\10\Include\10.0.17763.0\ucrt\stdio.h(208): note: 'fopen' 선언을 참조하십시오.
C:\Users\s_dsa523\Desktop\konkuk\2학기\전기프2\10-25 외관은 멀쩡\10-25 외관은 멀쩡\jeongipeu\file.cpp(279): error C4996: 'strtok': This function or variable may be unsafe. Consider using strtok_s instead. To disable deprecation, use _CRT_SECURE_NO_WARNINGS. See online help for details.
  C:\Program Files (x86)\Windows Kits\10\Include\10.0.17763.0\ucrt\string.h(440): note: 'strtok' 선언을 참조하십시오.
C:\Users\s_dsa523\Desktop\konkuk\2학기\전기프2\10-25 외관은 멀쩡\10-25 외관은 멀쩡\jeongipeu\file.cpp(280): error C4996: 'strtok': This function or variable may be unsafe. Consider using strtok_s instead. To disable deprecation, use _CRT_SECURE_NO_WARNINGS. See online help for details.
  C:\Program Files (x86)\Windows Kits\10\Include\10.0.17763.0\ucrt\string.h(440): note: 'strtok' 선언을 참조하십시오.
C:\Users\s_dsa523\Desktop\konkuk\2학기\전기프2\10-25 외관은 멀쩡\10-25 외관은 멀쩡\jeongipeu\file.cpp(314): error C4996: 'strcpy': This function or variable may be unsafe. Consider using strcpy_s instead. To disable deprecation, use _CRT_SECURE_NO_WARNINGS. See online help for details.
  C:\Program Files (x86)\Windows Kits\10\Include\10.0.17763.0\ucrt\string.h(133): note: 'strcpy' 선언을 참조하십시오.
C:\Users\s_dsa523\Desktop\konkuk\2학기\전기프2\10-25 외관은 멀쩡\10-25 외관은 멀쩡\jeongipeu\file.cpp(335): error C4996: 'strcpy': This function or variable may be unsafe. Consider using strcpy_s instead. To disable deprecation, use _CRT_SECURE_NO_WARNINGS. See online help for details.
  C:\Program Files (x86)\Windows Kits\10\Include\10.0.17763.0\ucrt\string.h(133): note: 'strcpy' 선언을 참조하십시오.
C:\Users\s_dsa523\Desktop\konkuk\2학기\전기프2\10-25 외관은 멀쩡\10-25 외관은 멀쩡\jeongipeu\file.cpp(340): error C4996: 'strcpy': This function or variable may be unsafe. Consider using strcpy_s instead. To disable deprecation, use _CRT_SECURE_NO_WARNINGS. See online help for details.
  C:\Program Files (x86)\Windows Kits\10\Include\10.0.17763.0\ucrt\string.h(133): note: 'strcpy' 선언을 참조하십시오.
C:\Users\s_dsa523\Desktop\konkuk\2학기\전기프2\10-25 외관은 멀쩡\10-25 외관은 멀쩡\jeongipeu\file.cpp(342): error C4996: 'strcpy': This function or variable may be unsafe. Consider using strcpy_s instead. To disable deprecation, use _CRT_SECURE_NO_WARNINGS. See online help for details.
  C:\Program Files (x86)\Windows Kits\10\Include\10.0.17763.0\ucrt\string.h(133): note: 'strcpy' 선언을 참조하십시오.
C:\Users\s_dsa523\Desktop\konkuk\2학기\전기프2\10-25 외관은 멀쩡\10-25 외관은 멀쩡\jeongipeu\file.cpp(344): error C4996: 'strcpy': This function or variable may be unsafe. Consider using strcpy_s instead. To disable deprecation, use _CRT_SECURE_NO_WARNINGS. See online help for details.
  C:\Program Files (x86)\Windows Kits\10\Include\10.0.17763.0\ucrt\string.h(133): note: 'strcpy' 선언을 참조하십시오.
C:\Users\s_dsa523\Desktop\konkuk\2학기\전기프2\10-25 외관은 멀쩡\10-25 외관은 멀쩡\jeongipeu\file.cpp(346): error C4996: 'strcpy': This function or variable may be unsafe. Consider using strcpy_s instead. To disable deprecation, use _CRT_SECURE_NO_WARNINGS. See online help for details.
  C:\Program Files (x86)\Windows Kits\10\Include\10.0.17763.0\ucrt\string.h(133): note: 'strcpy' 선언을 참조하십시오.
C:\Users\s_dsa523\Desktop\konkuk\2학기\전기프2\10-25 외관은 멀쩡\10-25 외관은 멀쩡\jeongipeu\file.cpp(348): error C4996: 'strcpy': This function or variable may be unsafe. Consider using strcpy_s instead. To disable deprecation, use _CRT_SECURE_NO_WARNINGS. See online help for details.
  C:\Program Files (x86)\Windows Kits\10\Include\10.0.17763.0\ucrt\string.h(133): note: 'strcpy' 선언을 참조하십시오.
C:\Users\s_dsa523\Desktop\konkuk\2학기\전기프2\10-25 외관은 멀쩡\10-25 외관은 멀쩡\jeongipeu\file.cpp(398): error C4996: 'strcat': This function or variable may be unsafe. Consider using strcat_s instead. To disable deprecation, use _CRT_SECURE_NO_WARNINGS. See online help for details.
  C:\Program Files (x86)\Windows Kits\10\Include\10.0.17763.0\ucrt\string.h(90): note: 'strcat' 선언을 참조하십시오.
C:\Users\s_dsa523\Desktop\konkuk\2학기\전기프2\10-25 외관은 멀쩡\10-25 외관은 멀쩡\jeongipeu\file.cpp(572): error C4996: 'strcpy': This function or variable may be unsafe. Consider using strcpy_s instead. To disable deprecation, use _CRT_SECURE_NO_WARNINGS. See online help for details.
  C:\Program Files (x86)\Windows Kits\10\Include\10.0.17763.0\ucrt\string.h(133): note: 'strcpy' 선언을 참조하십시오.
C:\Users\s_dsa523\Desktop\konkuk\2학기\전기프2\10-25 외관은 멀쩡\10-25 외관은 멀쩡\jeongipeu\file.cpp(577): error C4996: 'strcpy': This function or variable may be unsafe. Consider using strcpy_s instead. To disable deprecation, use _CRT_SECURE_NO_WARNINGS. See online help for details.
  C:\Program Files (x86)\Windows Kits\10\Include\10.0.17763.0\ucrt\string.h(133): note: 'strcpy' 선언을 참조하십시오.
C:\Users\s_dsa523\Desktop\konkuk\2학기\전기프2\10-25 외관은 멀쩡\10-25 외관은 멀쩡\jeongipeu\file.cpp(579): error C4996: 'strcpy': This function or variable may be unsafe. Consider using strcpy_s instead. To disable deprecation, use _CRT_SECURE_NO_WARNINGS. See online help for details.
  C:\Program Files (x86)\Windows Kits\10\Include\10.0.17763.0\ucrt\string.h(133): note: 'strcpy' 선언을 참조하십시오.
C:\Users\s_dsa523\Desktop\konkuk\2학기\전기프2\10-25 외관은 멀쩡\10-25 외관은 멀쩡\jeongipeu\file.cpp(581): error C4996: 'strcpy': This function or variable may be unsafe. Consider using strcpy_s instead. To disable deprecation, use _CRT_SECURE_NO_WARNINGS. See online help for details.
  C:\Program Files (x86)\Windows Kits\10\Include\10.0.17763.0\ucrt\string.h(133): note: 'strcpy' 선언을 참조하십시오.
C:\Users\s_dsa523\Desktop\konkuk\2학기\전기프2\10-25 외관은 멀쩡\10-25 외관은 멀쩡\jeongipeu\file.cpp(583): error C4996: 'strcpy': This function or variable may be unsafe. Consider using strcpy_s instead. To disable deprecation, use _CRT_SECURE_NO_WARNINGS. See online help for details.
  C:\Program Files (x86)\Windows Kits\10\Include\10.0.17763.0\ucrt\string.h(133): note: 'strcpy' 선언을 참조하십시오.
C:\Users\s_dsa523\Desktop\konkuk\2학기\전기프2\10-25 외관은 멀쩡\10-25 외관은 멀쩡\jeongipeu\file.cpp(585): error C4996: 'strcpy': This function or variable may be unsafe. Consider using strcpy_s instead. To disable deprecation, use _CRT_SECURE_NO_WARNINGS. See online help for details.
  C:\Program Files (x86)\Windows Kits\10\Include\10.0.17763.0\ucrt\string.h(133): note: 'strcpy' 선언을 참조하십시오.
C:\Users\s_dsa523\Desktop\konkuk\2학기\전기프2\10-25 외관은 멀쩡\10-25 외관은 멀쩡\jeongipeu\file.cpp(636): error C4996: 'strcat': This function or variable may be unsafe. Consider using strcat_s instead. To disable deprecation, use _CRT_SECURE_NO_WARNINGS. See online help for details.
  C:\Program Files (x86)\Windows Kits\10\Include\10.0.17763.0\ucrt\string.h(90): note: 'strcat' 선언을 참조하십시오.
C:\Users\s_dsa523\Desktop\konkuk\2학기\전기프2\10-25 외관은 멀쩡\10-25 외관은 멀쩡\jeongipeu\file.cpp(316): error C4996: 'strtok': This function or variable may be unsafe. Consider using strtok_s instead. To disable deprecation, use _CRT_SECURE_NO_WARNINGS. See online help for details.
  C:\Program Files (x86)\Windows Kits\10\Include\10.0.17763.0\ucrt\string.h(440): note: 'strtok' 선언을 참조하십시오.
C:\Users\s_dsa523\Desktop\konkuk\2학기\전기프2\10-25 외관은 멀쩡\10-25 외관은 멀쩡\jeongipeu\file.cpp(317): error C4996: 'strtok': This function or variable may be unsafe. Consider using strtok_s instead. To disable deprecation, use _CRT_SECURE_NO_WARNINGS. See online help for details.
  C:\Program Files (x86)\Windows Kits\10\Include\10.0.17763.0\ucrt\string.h(440): note: 'strtok' 선언을 참조하십시오.
C:\Users\s_dsa523\Desktop\konkuk\2학기\전기프2\10-25 외관은 멀쩡\10-25 외관은 멀쩡\jeongipeu\file.cpp(321): error C4996: 'fopen': This function or variable may be unsafe. Consider using fopen_s instead. To disable deprecation, use _CRT_SECURE_NO_WARNINGS. See online help for details.
  C:\Program Files (x86)\Windows Kits\10\Include\10.0.17763.0\ucrt\stdio.h(208): note: 'fopen' 선언을 참조하십시오.
C:\Users\s_dsa523\Desktop\konkuk\2학기\전기프2\10-25 외관은 멀쩡\10-25 외관은 멀쩡\jeongipeu\file.cpp(336): error C4996: 'strtok': This function or variable may be unsafe. Consider using strtok_s instead. To disable deprecation, use _CRT_SECURE_NO_WARNINGS. See online help for details.
  C:\Program Files (x86)\Windows Kits\10\Include\10.0.17763.0\ucrt\string.h(440): note: 'strtok' 선언을 참조하십시오.
C:\Users\s_dsa523\Desktop\konkuk\2학기\전기프2\10-25 외관은 멀쩡\10-25 외관은 멀쩡\jeongipeu\file.cpp(354): error C4996: 'strtok': This function or variable may be unsafe. Consider using strtok_s instead. To disable deprecation, use _CRT_SECURE_NO_WARNINGS. See online help for details.
  C:\Program Files (x86)\Windows Kits\10\Include\10.0.17763.0\ucrt\string.h(440): note: 'strtok' 선언을 참조하십시오.
C:\Users\s_dsa523\Desktop\konkuk\2학기\전기프2\10-25 외관은 멀쩡\10-25 외관은 멀쩡\jeongipeu\file.cpp(356): error C4996: 'strtok': This function or variable may be unsafe. Consider using strtok_s instead. To disable deprecation, use _CRT_SECURE_NO_WARNINGS. See online help for details.
  C:\Program Files (x86)\Windows Kits\10\Include\10.0.17763.0\ucrt\string.h(440): note: 'strtok' 선언을 참조하십시오.
C:\Users\s_dsa523\Desktop\konkuk\2학기\전기프2\10-25 외관은 멀쩡\10-25 외관은 멀쩡\jeongipeu\file.cpp(370): error C4996: 'strtok': This function or variable may be unsafe. Consider using strtok_s instead. To disable deprecation, use _CRT_SECURE_NO_WARNINGS. See online help for details.
  C:\Program Files (x86)\Windows Kits\10\Include\10.0.17763.0\ucrt\string.h(440): note: 'strtok' 선언을 참조하십시오.
C:\Users\s_dsa523\Desktop\konkuk\2학기\전기프2\10-25 외관은 멀쩡\10-25 외관은 멀쩡\jeongipeu\file.cpp(397): error C4996: '_itoa': This function or variable may be unsafe. Consider using _itoa_s instead. To disable deprecation, use _CRT_SECURE_NO_WARNINGS. See online help for details.
  C:\Program Files (x86)\Windows Kits\10\Include\10.0.17763.0\ucrt\stdlib.h(640): note: '_itoa' 선언을 참조하십시오.
C:\Users\s_dsa523\Desktop\konkuk\2학기\전기프2\10-25 외관은 멀쩡\10-25 외관은 멀쩡\jeongipeu\file.cpp(473): error C4996: 'strtok': This function or variable may be unsafe. Consider using strtok_s instead. To disable deprecation, use _CRT_SECURE_NO_WARNINGS. See online help for details.
  C:\Program Files (x86)\Windows Kits\10\Include\10.0.17763.0\ucrt\string.h(440): note: 'strtok' 선언을 참조하십시오.
C:\Users\s_dsa523\Desktop\konkuk\2학기\전기프2\10-25 외관은 멀쩡\10-25 외관은 멀쩡\jeongipeu\file.cpp(475): error C4996: 'strtok': This function or variable may be unsafe. Consider using strtok_s instead. To disable deprecation, use _CRT_SECURE_NO_WARNINGS. See online help for details.
  C:\Program Files (x86)\Windows Kits\10\Include\10.0.17763.0\ucrt\string.h(440): note: 'strtok' 선언을 참조하십시오.
C:\Users\s_dsa523\Desktop\konkuk\2학기\전기프2\10-25 외관은 멀쩡\10-25 외관은 멀쩡\jeongipeu\file.cpp(489): error C4996: 'strtok': This function or variable may be unsafe. Consider using strtok_s instead. To disable deprecation, use _CRT_SECURE_NO_WARNINGS. See online help for details.
  C:\Program Files (x86)\Windows Kits\10\Include\10.0.17763.0\ucrt\string.h(440): note: 'strtok' 선언을 참조하십시오.
C:\Users\s_dsa523\Desktop\konkuk\2학기\전기프2\10-25 외관은 멀쩡\10-25 외관은 멀쩡\jeongipeu\file.cpp(573): error C4996: 'strtok': This function or variable may be unsafe. Consider using strtok_s instead. To disable deprecation, use _CRT_SECURE_NO_WARNINGS. See online help for details.
  C:\Program Files (x86)\Windows Kits\10\Include\10.0.17763.0\ucrt\string.h(440): note: 'strtok' 선언을 참조하십시오.
C:\Users\s_dsa523\Desktop\konkuk\2학기\전기프2\10-25 외관은 멀쩡\10-25 외관은 멀쩡\jeongipeu\file.cpp(591): error C4996: 'strtok': This function or variable may be unsafe. Consider using strtok_s instead. To disable deprecation, use _CRT_SECURE_NO_WARNINGS. See online help for details.
  C:\Program Files (x86)\Windows Kits\10\Include\10.0.17763.0\ucrt\string.h(440): note: 'strtok' 선언을 참조하십시오.
C:\Users\s_dsa523\Desktop\konkuk\2학기\전기프2\10-25 외관은 멀쩡\10-25 외관은 멀쩡\jeongipeu\file.cpp(593): error C4996: 'strtok': This function or variable may be unsafe. Consider using strtok_s instead. To disable deprecation, use _CRT_SECURE_NO_WARNINGS. See online help for details.
  C:\Program Files (x86)\Windows Kits\10\Include\10.0.17763.0\ucrt\string.h(440): note: 'strtok' 선언을 참조하십시오.
C:\Users\s_dsa523\Desktop\konkuk\2학기\전기프2\10-25 외관은 멀쩡\10-25 외관은 멀쩡\jeongipeu\file.cpp(607): error C4996: 'strtok': This function or variable may be unsafe. Consider using strtok_s instead. To disable deprecation, use _CRT_SECURE_NO_WARNINGS. See online help for details.
  C:\Program Files (x86)\Windows Kits\10\Include\10.0.17763.0\ucrt\string.h(440): note: 'strtok' 선언을 참조하십시오.
C:\Users\s_dsa523\Desktop\konkuk\2학기\전기프2\10-25 외관은 멀쩡\10-25 외관은 멀쩡\jeongipeu\file.cpp(635): error C4996: '_itoa': This function or variable may be unsafe. Consider using _itoa_s instead. To disable deprecation, use _CRT_SECURE_NO_WARNINGS. See online help for details.
  C:\Program Files (x86)\Windows Kits\10\Include\10.0.17763.0\ucrt\stdlib.h(640): note: '_itoa' 선언을 참조하십시오.
C:\Users\s_dsa523\Desktop\konkuk\2학기\전기프2\10-25 외관은 멀쩡\10-25 외관은 멀쩡\jeongipeu\file.cpp(699): error C4996: 'strtok': This function or variable may be unsafe. Consider using strtok_s instead. To disable deprecation, use _CRT_SECURE_NO_WARNINGS. See online help for details.
  C:\Program Files (x86)\Windows Kits\10\Include\10.0.17763.0\ucrt\string.h(440): note: 'strtok' 선언을 참조하십시오.
C:\Users\s_dsa523\Desktop\konkuk\2학기\전기프2\10-25 외관은 멀쩡\10-25 외관은 멀쩡\jeongipeu\file.cpp(701): error C4996: 'strtok': This function or variable may be unsafe. Consider using strtok_s instead. To disable deprecation, use _CRT_SECURE_NO_WARNINGS. See online help for details.
  C:\Program Files (x86)\Windows Kits\10\Include\10.0.17763.0\ucrt\string.h(440): note: 'strtok' 선언을 참조하십시오.
C:\Users\s_dsa523\Desktop\konkuk\2학기\전기프2\10-25 외관은 멀쩡\10-25 외관은 멀쩡\jeongipeu\file.cpp(715): error C4996: 'strtok': This function or variable may be unsafe. Consider using strtok_s instead. To disable deprecation, use _CRT_SECURE_NO_WARNINGS. See online help for details.
  C:\Program Files (x86)\Windows Kits\10\Include\10.0.17763.0\ucrt\string.h(440): note: 'strtok' 선언을 참조하십시오.
C:\Users\s_dsa523\Desktop\konkuk\2학기\전기프2\10-25 외관은 멀쩡\10-25 외관은 멀쩡\jeongipeu\file.cpp(802): error C4996: 'strcpy': This function or variable may be unsafe. Consider using strcpy_s instead. To disable deprecation, use _CRT_SECURE_NO_WARNINGS. See online help for details.
  C:\Program Files (x86)\Windows Kits\10\Include\10.0.17763.0\ucrt\string.h(133): note: 'strcpy' 선언을 참조하십시오.
C:\Users\s_dsa523\Desktop\konkuk\2학기\전기프2\10-25 외관은 멀쩡\10-25 외관은 멀쩡\jeongipeu\file.cpp(804): error C4996: 'strcpy': This function or variable may be unsafe. Consider using strcpy_s instead. To disable deprecation, use _CRT_SECURE_NO_WARNINGS. See online help for details.
  C:\Program Files (x86)\Windows Kits\10\Include\10.0.17763.0\ucrt\string.h(133): note: 'strcpy' 선언을 참조하십시오.
C:\Users\s_dsa523\Desktop\konkuk\2학기\전기프2\10-25 외관은 멀쩡\10-25 외관은 멀쩡\jeongipeu\file.cpp(806): error C4996: 'strcpy': This function or variable may be unsafe. Consider using strcpy_s instead. To disable deprecation, use _CRT_SECURE_NO_WARNINGS. See online help for details.
  C:\Program Files (x86)\Windows Kits\10\Include\10.0.17763.0\ucrt\string.h(133): note: 'strcpy' 선언을 참조하십시오.
C:\Users\s_dsa523\Desktop\konkuk\2학기\전기프2\10-25 외관은 멀쩡\10-25 외관은 멀쩡\jeongipeu\file.cpp(808): error C4996: 'strcpy': This function or variable may be unsafe. Consider using strcpy_s instead. To disable deprecation, use _CRT_SECURE_NO_WARNINGS. See online help for details.
  C:\Program Files (x86)\Windows Kits\10\Include\10.0.17763.0\ucrt\string.h(133): note: 'strcpy' 선언을 참조하십시오.
C:\Users\s_dsa523\Desktop\konkuk\2학기\전기프2\10-25 외관은 멀쩡\10-25 외관은 멀쩡\jeongipeu\file.cpp(810): error C4996: 'strcpy': This function or variable may be unsafe. Consider using strcpy_s instead. To disable deprecation, use _CRT_SECURE_NO_WARNINGS. See online help for details.
  C:\Program Files (x86)\Windows Kits\10\Include\10.0.17763.0\ucrt\string.h(133): note: 'strcpy' 선언을 참조하십시오.
C:\Users\s_dsa523\Desktop\konkuk\2학기\전기프2\10-25 외관은 멀쩡\10-25 외관은 멀쩡\jeongipeu\file.cpp(812): error C4996: 'strcpy': This function or variable may be unsafe. Consider using strcpy_s instead. To disable deprecation, use _CRT_SECURE_NO_WARNINGS. See online help for details.
  C:\Program Files (x86)\Windows Kits\10\Include\10.0.17763.0\ucrt\string.h(133): note: 'strcpy' 선언을 참조하십시오.
C:\Users\s_dsa523\Desktop\konkuk\2학기\전기프2\10-25 외관은 멀쩡\10-25 외관은 멀쩡\jeongipeu\file.cpp(903): error C4996: 'strcat': This function or variable may be unsafe. Consider using strcat_s instead. To disable deprecation, use _CRT_SECURE_NO_WARNINGS. See online help for details.
  C:\Program Files (x86)\Windows Kits\10\Include\10.0.17763.0\ucrt\string.h(90): note: 'strcat' 선언을 참조하십시오.
C:\Users\s_dsa523\Desktop\konkuk\2학기\전기프2\10-25 외관은 멀쩡\10-25 외관은 멀쩡\jeongipeu\file.cpp(928): error C4996: 'strcat': This function or variable may be unsafe. Consider using strcat_s instead. To disable deprecation, use _CRT_SECURE_NO_WARNINGS. See online help for details.
  C:\Program Files (x86)\Windows Kits\10\Include\10.0.17763.0\ucrt\string.h(90): note: 'strcat' 선언을 참조하십시오.
C:\Users\s_dsa523\Desktop\konkuk\2학기\전기프2\10-25 외관은 멀쩡\10-25 외관은 멀쩡\jeongipeu\file.cpp(953): error C4996: 'strcat': This function or variable may be unsafe. Consider using strcat_s instead. To disable deprecation, use _CRT_SECURE_NO_WARNINGS. See online help for details.
  C:\Program Files (x86)\Windows Kits\10\Include\10.0.17763.0\ucrt\string.h(90): note: 'strcat' 선언을 참조하십시오.
C:\Users\s_dsa523\Desktop\konkuk\2학기\전기프2\10-25 외관은 멀쩡\10-25 외관은 멀쩡\jeongipeu\file.cpp(979): error C4996: 'strcat': This function or variable may be unsafe. Consider using strcat_s instead. To disable deprecation, use _CRT_SECURE_NO_WARNINGS. See online help for details.
  C:\Program Files (x86)\Windows Kits\10\Include\10.0.17763.0\ucrt\string.h(90): note: 'strcat' 선언을 참조하십시오.
C:\Users\s_dsa523\Desktop\konkuk\2학기\전기프2\10-25 외관은 멀쩡\10-25 외관은 멀쩡\jeongipeu\file.cpp(1005): error C4996: 'strcat': This function or variable may be unsafe. Consider using strcat_s instead. To disable deprecation, use _CRT_SECURE_NO_WARNINGS. See online help for details.
  C:\Program Files (x86)\Windows Kits\10\Include\10.0.17763.0\ucrt\string.h(90): note: 'strcat' 선언을 참조하십시오.
C:\Users\s_dsa523\Desktop\konkuk\2학기\전기프2\10-25 외관은 멀쩡\10-25 외관은 멀쩡\jeongipeu\file.cpp(1282): error C4996: 'strcat': This function or variable may be unsafe. Consider using strcat_s instead. To disable deprecation, use _CRT_SECURE_NO_WARNINGS. See online help for details.
  C:\Program Files (x86)\Windows Kits\10\Include\10.0.17763.0\ucrt\string.h(90): note: 'strcat' 선언을 참조하십시오.
C:\Users\s_dsa523\Desktop\konkuk\2학기\전기프2\10-25 외관은 멀쩡\10-25 외관은 멀쩡\jeongipeu\file.cpp(1305): error C4996: 'strcat': This function or variable may be unsafe. Consider using strcat_s instead. To disable deprecation, use _CRT_SECURE_NO_WARNINGS. See online help for details.
  C:\Program Files (x86)\Windows Kits\10\Include\10.0.17763.0\ucrt\string.h(90): note: 'strcat' 선언을 참조하십시오.
C:\Users\s_dsa523\Desktop\konkuk\2학기\전기프2\10-25 외관은 멀쩡\10-25 외관은 멀쩡\jeongipeu\file.cpp(1328): error C4996: 'strcat': This function or variable may be unsafe. Consider using strcat_s instead. To disable deprecation, use _CRT_SECURE_NO_WARNINGS. See online help for details.
  C:\Program Files (x86)\Windows Kits\10\Include\10.0.17763.0\ucrt\string.h(90): note: 'strcat' 선언을 참조하십시오.
C:\Users\s_dsa523\Desktop\konkuk\2학기\전기프2\10-25 외관은 멀쩡\10-25 외관은 멀쩡\jeongipeu\file.cpp(1351): error C4996: 'strcat': This function or variable may be unsafe. Consider using strcat_s instead. To disable deprecation, use _CRT_SECURE_NO_WARNINGS. See online help for details.
  C:\Program Files (x86)\Windows Kits\10\Include\10.0.17763.0\ucrt\string.h(90): note: 'strcat' 선언을 참조하십시오.
C:\Users\s_dsa523\Desktop\konkuk\2학기\전기프2\10-25 외관은 멀쩡\10-25 외관은 멀쩡\jeongipeu\file.cpp(1374): error C4996: 'strcat': This function or variable may be unsafe. Consider using strcat_s instead. To disable deprecation, use _CRT_SECURE_NO_WARNINGS. See online help for details.
  C:\Program Files (x86)\Windows Kits\10\Include\10.0.17763.0\ucrt\string.h(90): note: 'strcat' 선언을 참조하십시오.
C:\Users\s_dsa523\Desktop\konkuk\2학기\전기프2\10-25 외관은 멀쩡\10-25 외관은 멀쩡\jeongipeu\file.cpp(814): error C4996: 'strtok': This function or variable may be unsafe. Consider using strtok_s instead. To disable deprecation, use _CRT_SECURE_NO_WARNINGS. See online help for details.
  C:\Program Files (x86)\Windows Kits\10\Include\10.0.17763.0\ucrt\string.h(440): note: 'strtok' 선언을 참조하십시오.
C:\Users\s_dsa523\Desktop\konkuk\2학기\전기프2\10-25 외관은 멀쩡\10-25 외관은 멀쩡\jeongipeu\file.cpp(818): error C4996: 'fopen': This function or variable may be unsafe. Consider using fopen_s instead. To disable deprecation, use _CRT_SECURE_NO_WARNINGS. See online help for details.
  C:\Program Files (x86)\Windows Kits\10\Include\10.0.17763.0\ucrt\stdio.h(208): note: 'fopen' 선언을 참조하십시오.
C:\Users\s_dsa523\Desktop\konkuk\2학기\전기프2\10-25 외관은 멀쩡\10-25 외관은 멀쩡\jeongipeu\file.cpp(835): error C4996: 'strtok': This function or variable may be unsafe. Consider using strtok_s instead. To disable deprecation, use _CRT_SECURE_NO_WARNINGS. See online help for details.
  C:\Program Files (x86)\Windows Kits\10\Include\10.0.17763.0\ucrt\string.h(440): note: 'strtok' 선언을 참조하십시오.
C:\Users\s_dsa523\Desktop\konkuk\2학기\전기프2\10-25 외관은 멀쩡\10-25 외관은 멀쩡\jeongipeu\file.cpp(837): error C4996: 'strtok': This function or variable may be unsafe. Consider using strtok_s instead. To disable deprecation, use _CRT_SECURE_NO_WARNINGS. See online help for details.
  C:\Program Files (x86)\Windows Kits\10\Include\10.0.17763.0\ucrt\string.h(440): note: 'strtok' 선언을 참조하십시오.
C:\Users\s_dsa523\Desktop\konkuk\2학기\전기프2\10-25 외관은 멀쩡\10-25 외관은 멀쩡\jeongipeu\file.cpp(841): error C4996: 'strtok': This function or variable may be unsafe. Consider using strtok_s instead. To disable deprecation, use _CRT_SECURE_NO_WARNINGS. See online help for details.
  C:\Program Files (x86)\Windows Kits\10\Include\10.0.17763.0\ucrt\string.h(440): note: 'strtok' 선언을 참조하십시오.
C:\Users\s_dsa523\Desktop\konkuk\2학기\전기프2\10-25 외관은 멀쩡\10-25 외관은 멀쩡\jeongipeu\file.cpp(902): error C4996: '_itoa': This function or variable may be unsafe. Consider using _itoa_s instead. To disable deprecation, use _CRT_SECURE_NO_WARNINGS. See online help for details.
  C:\Program Files (x86)\Windows Kits\10\Include\10.0.17763.0\ucrt\stdlib.h(640): note: '_itoa' 선언을 참조하십시오.
C:\Users\s_dsa523\Desktop\konkuk\2학기\전기프2\10-25 외관은 멀쩡\10-25 외관은 멀쩡\jeongipeu\file.cpp(927): error C4996: '_itoa': This function or variable may be unsafe. Consider using _itoa_s instead. To disable deprecation, use _CRT_SECURE_NO_WARNINGS. See online help for details.
  C:\Program Files (x86)\Windows Kits\10\Include\10.0.17763.0\ucrt\stdlib.h(640): note: '_itoa' 선언을 참조하십시오.
C:\Users\s_dsa523\Desktop\konkuk\2학기\전기프2\10-25 외관은 멀쩡\10-25 외관은 멀쩡\jeongipeu\file.cpp(952): error C4996: '_itoa': This function or variable may be unsafe. Consider using _itoa_s instead. To disable deprecation, use _CRT_SECURE_NO_WARNINGS. See online help for details.
  C:\Program Files (x86)\Windows Kits\10\Include\10.0.17763.0\ucrt\stdlib.h(640): note: '_itoa' 선언을 참조하십시오.
C:\Users\s_dsa523\Desktop\konkuk\2학기\전기프2\10-25 외관은 멀쩡\10-25 외관은 멀쩡\jeongipeu\file.cpp(978): error C4996: '_itoa': This function or variable may be unsafe. Consider using _itoa_s instead. To disable deprecation, use _CRT_SECURE_NO_WARNINGS. See online help for details.
  C:\Program Files (x86)\Windows Kits\10\Include\10.0.17763.0\ucrt\stdlib.h(640): note: '_itoa' 선언을 참조하십시오.
C:\Users\s_dsa523\Desktop\konkuk\2학기\전기프2\10-25 외관은 멀쩡\10-25 외관은 멀쩡\jeongipeu\file.cpp(1004): error C4996: '_itoa': This function or variable may be unsafe. Consider using _itoa_s instead. To disable deprecation, use _CRT_SECURE_NO_WARNINGS. See online help for details.
  C:\Program Files (x86)\Windows Kits\10\Include\10.0.17763.0\ucrt\stdlib.h(640): note: '_itoa' 선언을 참조하십시오.
C:\Users\s_dsa523\Desktop\konkuk\2학기\전기프2\10-25 외관은 멀쩡\10-25 외관은 멀쩡\jeongipeu\file.cpp(1036): error C4996: 'strtok': This function or variable may be unsafe. Consider using strtok_s instead. To disable deprecation, use _CRT_SECURE_NO_WARNINGS. See online help for details.
  C:\Program Files (x86)\Windows Kits\10\Include\10.0.17763.0\ucrt\string.h(440): note: 'strtok' 선언을 참조하십시오.
C:\Users\s_dsa523\Desktop\konkuk\2학기\전기프2\10-25 외관은 멀쩡\10-25 외관은 멀쩡\jeongipeu\file.cpp(1038): error C4996: 'strtok': This function or variable may be unsafe. Consider using strtok_s instead. To disable deprecation, use _CRT_SECURE_NO_WARNINGS. See online help for details.
  C:\Program Files (x86)\Windows Kits\10\Include\10.0.17763.0\ucrt\string.h(440): note: 'strtok' 선언을 참조하십시오.
C:\Users\s_dsa523\Desktop\konkuk\2학기\전기프2\10-25 외관은 멀쩡\10-25 외관은 멀쩡\jeongipeu\file.cpp(1042): error C4996: 'strtok': This function or variable may be unsafe. Consider using strtok_s instead. To disable deprecation, use _CRT_SECURE_NO_WARNINGS. See online help for details.
  C:\Program Files (x86)\Windows Kits\10\Include\10.0.17763.0\ucrt\string.h(440): note: 'strtok' 선언을 참조하십시오.
C:\Users\s_dsa523\Desktop\konkuk\2학기\전기프2\10-25 외관은 멀쩡\10-25 외관은 멀쩡\jeongipeu\file.cpp(1215): error C4996: 'strtok': This function or variable may be unsafe. Consider using strtok_s instead. To disable deprecation, use _CRT_SECURE_NO_WARNINGS. See online help for details.
  C:\Program Files (x86)\Windows Kits\10\Include\10.0.17763.0\ucrt\string.h(440): note: 'strtok' 선언을 참조하십시오.
C:\Users\s_dsa523\Desktop\konkuk\2학기\전기프2\10-25 외관은 멀쩡\10-25 외관은 멀쩡\jeongipeu\file.cpp(1217): error C4996: 'strtok': This function or variable may be unsafe. Consider using strtok_s instead. To disable deprecation, use _CRT_SECURE_NO_WARNINGS. See online help for details.
  C:\Program Files (x86)\Windows Kits\10\Include\10.0.17763.0\ucrt\string.h(440): note: 'strtok' 선언을 참조하십시오.
C:\Users\s_dsa523\Desktop\konkuk\2학기\전기프2\10-25 외관은 멀쩡\10-25 외관은 멀쩡\jeongipeu\file.cpp(1221): error C4996: 'strtok': This function or variable may be unsafe. Consider using strtok_s instead. To disable deprecation, use _CRT_SECURE_NO_WARNINGS. See online help for details.
  C:\Program Files (x86)\Windows Kits\10\Include\10.0.17763.0\ucrt\string.h(440): note: 'strtok' 선언을 참조하십시오.
C:\Users\s_dsa523\Desktop\konkuk\2학기\전기프2\10-25 외관은 멀쩡\10-25 외관은 멀쩡\jeongipeu\file.cpp(1281): error C4996: '_itoa': This function or variable may be unsafe. Consider using _itoa_s instead. To disable deprecation, use _CRT_SECURE_NO_WARNINGS. See online help for details.
  C:\Program Files (x86)\Windows Kits\10\Include\10.0.17763.0\ucrt\stdlib.h(640): note: '_itoa' 선언을 참조하십시오.
C:\Users\s_dsa523\Desktop\konkuk\2학기\전기프2\10-25 외관은 멀쩡\10-25 외관은 멀쩡\jeongipeu\file.cpp(1304): error C4996: '_itoa': This function or variable may be unsafe. Consider using _itoa_s instead. To disable deprecation, use _CRT_SECURE_NO_WARNINGS. See online help for details.
  C:\Program Files (x86)\Windows Kits\10\Include\10.0.17763.0\ucrt\stdlib.h(640): note: '_itoa' 선언을 참조하십시오.
C:\Users\s_dsa523\Desktop\konkuk\2학기\전기프2\10-25 외관은 멀쩡\10-25 외관은 멀쩡\jeongipeu\file.cpp(1327): error C4996: '_itoa': This function or variable may be unsafe. Consider using _itoa_s instead. To disable deprecation, use _CRT_SECURE_NO_WARNINGS. See online help for details.
  C:\Program Files (x86)\Windows Kits\10\Include\10.0.17763.0\ucrt\stdlib.h(640): note: '_itoa' 선언을 참조하십시오.
C:\Users\s_dsa523\Desktop\konkuk\2학기\전기프2\10-25 외관은 멀쩡\10-25 외관은 멀쩡\jeongipeu\file.cpp(1350): error C4996: '_itoa': This function or variable may be unsafe. Consider using _itoa_s instead. To disable deprecation, use _CRT_SECURE_NO_WARNINGS. See online help for details.
  C:\Program Files (x86)\Windows Kits\10\Include\10.0.17763.0\ucrt\stdlib.h(640): note: '_itoa' 선언을 참조하십시오.
C:\Users\s_dsa523\Desktop\konkuk\2학기\전기프2\10-25 외관은 멀쩡\10-25 외관은 멀쩡\jeongipeu\file.cpp(1373): error C4996: '_itoa': This function or variable may be unsafe. Consider using _itoa_s instead. To disable deprecation, use _CRT_SECURE_NO_WARNINGS. See online help for details.
  C:\Program Files (x86)\Windows Kits\10\Include\10.0.17763.0\ucrt\stdlib.h(640): note: '_itoa' 선언을 참조하십시오.
C:\Users\s_dsa523\Desktop\konkuk\2학기\전기프2\10-25 외관은 멀쩡\10-25 외관은 멀쩡\jeongipeu\file.cpp(1406): error C4996: 'strtok': This function or variable may be unsafe. Consider using strtok_s instead. To disable deprecation, use _CRT_SECURE_NO_WARNINGS. See online help for details.
  C:\Program Files (x86)\Windows Kits\10\Include\10.0.17763.0\ucrt\string.h(440): note: 'strtok' 선언을 참조하십시오.
C:\Users\s_dsa523\Desktop\konkuk\2학기\전기프2\10-25 외관은 멀쩡\10-25 외관은 멀쩡\jeongipeu\file.cpp(1408): error C4996: 'strtok': This function or variable may be unsafe. Consider using strtok_s instead. To disable deprecation, use _CRT_SECURE_NO_WARNINGS. See online help for details.
  C:\Program Files (x86)\Windows Kits\10\Include\10.0.17763.0\ucrt\string.h(440): note: 'strtok' 선언을 참조하십시오.
C:\Users\s_dsa523\Desktop\konkuk\2학기\전기프2\10-25 외관은 멀쩡\10-25 외관은 멀쩡\jeongipeu\file.cpp(1412): error C4996: 'strtok': This function or variable may be unsafe. Consider using strtok_s instead. To disable deprecation, use _CRT_SECURE_NO_WARNINGS. See online help for details.
  C:\Program Files (x86)\Windows Kits\10\Include\10.0.17763.0\ucrt\string.h(440): note: 'strtok' 선언을 참조하십시오.
C:\Users\s_dsa523\Desktop\konkuk\2학기\전기프2\10-25 외관은 멀쩡\10-25 외관은 멀쩡\jeongipeu\file.cpp(798): warning C4101: 'temp_end' :참조되지 않은 지역 변수입니다.
  filter.cpp
C:\Users\s_dsa523\Desktop\konkuk\2학기\전기프2\10-25 외관은 멀쩡\10-25 외관은 멀쩡\jeongipeu\filter.cpp(16): error C4996: 'strtok': This function or variable may be unsafe. Consider using strtok_s instead. To disable deprecation, use _CRT_SECURE_NO_WARNINGS. See online help for details.
  C:\Program Files (x86)\Windows Kits\10\Include\10.0.17763.0\ucrt\string.h(440): note: 'strtok' 선언을 참조하십시오.
C:\Users\s_dsa523\Desktop\konkuk\2학기\전기프2\10-25 외관은 멀쩡\10-25 외관은 멀쩡\jeongipeu\filter.cpp(25): error C4996: 'strtok': This function or variable may be unsafe. Consider using strtok_s instead. To disable deprecation, use _CRT_SECURE_NO_WARNINGS. See online help for details.
  C:\Program Files (x86)\Windows Kits\10\Include\10.0.17763.0\ucrt\string.h(440): note: 'strtok' 선언을 참조하십시오.
C:\Users\s_dsa523\Desktop\konkuk\2학기\전기프2\10-25 외관은 멀쩡\10-25 외관은 멀쩡\jeongipeu\filter.cpp(351): error C4996: 'strcpy': This function or variable may be unsafe. Consider using strcpy_s instead. To disable deprecation, use _CRT_SECURE_NO_WARNINGS. See online help for details.
  C:\Program Files (x86)\Windows Kits\10\Include\10.0.17763.0\ucrt\string.h(133): note: 'strcpy' 선언을 참조하십시오.
C:\Users\s_dsa523\Desktop\konkuk\2학기\전기프2\10-25 외관은 멀쩡\10-25 외관은 멀쩡\jeongipeu\filter.cpp(352): error C4996: 'strtok': This function or variable may be unsafe. Consider using strtok_s instead. To disable deprecation, use _CRT_SECURE_NO_WARNINGS. See online help for details.
  C:\Program Files (x86)\Windows Kits\10\Include\10.0.17763.0\ucrt\string.h(440): note: 'strtok' 선언을 참조하십시오.
C:\Users\s_dsa523\Desktop\konkuk\2학기\전기프2\10-25 외관은 멀쩡\10-25 외관은 멀쩡\jeongipeu\filter.cpp(358): error C4996: 'strtok': This function or variable may be unsafe. Consider using strtok_s instead. To disable deprecation, use _CRT_SECURE_NO_WARNINGS. See online help for details.
  C:\Program Files (x86)\Windows Kits\10\Include\10.0.17763.0\ucrt\string.h(440): note: 'strtok' 선언을 참조하십시오.
C:\Users\s_dsa523\Desktop\konkuk\2학기\전기프2\10-25 외관은 멀쩡\10-25 외관은 멀쩡\jeongipeu\filter.cpp(495): error C4996: 'strcpy': This function or variable may be unsafe. Consider using strcpy_s instead. To disable deprecation, use _CRT_SECURE_NO_WARNINGS. See online help for details.
  C:\Program Files (x86)\Windows Kits\10\Include\10.0.17763.0\ucrt\string.h(133): note: 'strcpy' 선언을 참조하십시오.
C:\Users\s_dsa523\Desktop\konkuk\2학기\전기프2\10-25 외관은 멀쩡\10-25 외관은 멀쩡\jeongipeu\filter.cpp(505): error C4996: 'strtok': This function or variable may be unsafe. Consider using strtok_s instead. To disable deprecation, use _CRT_SECURE_NO_WARNINGS. See online help for details.
  C:\Program Files (x86)\Windows Kits\10\Include\10.0.17763.0\ucrt\string.h(440): note: 'strtok' 선언을 참조하십시오.
  filter2.cpp
C:\Users\s_dsa523\Desktop\konkuk\2학기\전기프2\10-25 외관은 멀쩡\10-25 외관은 멀쩡\jeongipeu\filter2.cpp(14): error C4996: 'strtok': This function or variable may be unsafe. Consider using strtok_s instead. To disable deprecation, use _CRT_SECURE_NO_WARNINGS. See online help for details.
  C:\Program Files (x86)\Windows Kits\10\Include\10.0.17763.0\ucrt\string.h(440): note: 'strtok' 선언을 참조하십시오.
C:\Users\s_dsa523\Desktop\konkuk\2학기\전기프2\10-25 외관은 멀쩡\10-25 외관은 멀쩡\jeongipeu\filter2.cpp(23): error C4996: 'strtok': This function or variable may be unsafe. Consider using strtok_s instead. To disable deprecation, use _CRT_SECURE_NO_WARNINGS. See online help for details.
  C:\Program Files (x86)\Windows Kits\10\Include\10.0.17763.0\ucrt\string.h(440): note: 'strtok' 선언을 참조하십시오.
  main.cpp
C:\Users\s_dsa523\Desktop\konkuk\2학기\전기프2\10-25 외관은 멀쩡\10-25 외관은 멀쩡\jeongipeu\main.cpp(42): error C4996: 'strcpy': This function or variable may be unsafe. Consider using strcpy_s instead. To disable deprecation, use _CRT_SECURE_NO_WARNINGS. See online help for details.
  C:\Program Files (x86)\Windows Kits\10\Include\10.0.17763.0\ucrt\string.h(133): note: 'strcpy' 선언을 참조하십시오.
C:\Users\s_dsa523\Desktop\konkuk\2학기\전기프2\10-25 외관은 멀쩡\10-25 외관은 멀쩡\jeongipeu\main.cpp(10): warning C4101: 'c' :참조되지 않은 지역 변수입니다.
